Base path: 'C:/Program Files/Unity/Hub/Editor/2020.1.3f1/Editor/2019.4.27f1/Editor/Data', plugins path 'C:/Program Files/Unity/Hub/Editor/2020.1.3f1/Editor/2019.4.27f1/Editor/Data/PlaybackEngines'
Cmd: initializeCompiler
Cmd: compileComputeKernel
  error: 1 plat 18 at SoftEffectsCompute.compute(674): implicit truncation of vector type
  error: 1 plat 18 at SoftEffectsCompute.compute(722): implicit truncation of vector type
  error: 1 plat 18 at SoftEffectsCompute.compute(769): implicit truncation of vector type
  error: 1 plat 18 at SoftEffectsCompute.compute(817): implicit truncation of vector type
  api=18 insize=106449 outsize=8213 ok=1
Cmd: compileComputeKernel
  error: 1 plat 4 at SoftEffectsCompute.compute(674): implicit truncation of vector type
  error: 1 plat 4 at SoftEffectsCompute.compute(722): implicit truncation of vector type
  error: 1 plat 4 at SoftEffectsCompute.compute(769): implicit truncation of vector type
  error: 1 plat 4 at SoftEffectsCompute.compute(817): implicit truncation of vector type
  api=4 insize=106449 outsize=2160 ok=1
Cmd: compileComputeKernel
  error: 1 plat 4 at SoftEffectsCompute.compute(674): implicit truncation of vector type
  error: 1 plat 4 at SoftEffectsCompute.compute(722): implicit truncation of vector type
  error: 1 plat 4 at SoftEffectsCompute.compute(769): implicit truncation of vector type
  error: 1 plat 4 at SoftEffectsCompute.compute(817): implicit truncation of vector type
  api=4 insize=106449 outsize=1393 ok=1
Cmd: compileComputeKernel
  error: 1 plat 4 at SoftEffectsCompute.compute(674): implicit truncation of vector type
  error: 1 plat 4 at SoftEffectsCompute.compute(722): implicit truncation of vector type
  error: 1 plat 4 at SoftEffectsCompute.compute(769): implicit truncation of vector type
  error: 1 plat 4 at SoftEffectsCompute.compute(817): implicit truncation of vector type
  api=4 insize=106449 outsize=1621 ok=1
Cmd: compileComputeKernel
  error: 1 plat 4 at SoftEffectsCompute.compute(674): implicit truncation of vector type
  error: 1 plat 4 at SoftEffectsCompute.compute(722): implicit truncation of vector type
  error: 1 plat 4 at SoftEffectsCompute.compute(769): implicit truncation of vector type
  error: 1 plat 4 at SoftEffectsCompute.compute(817): implicit truncation of vector type
  api=4 insize=106449 outsize=1507 ok=1
Cmd: compileComputeKernel
  error: 1 plat 4 at SoftEffectsCompute.compute(674): implicit truncation of vector type
  error: 1 plat 4 at SoftEffectsCompute.compute(722): implicit truncation of vector type
  error: 1 plat 4 at SoftEffectsCompute.compute(769): implicit truncation of vector type
  error: 1 plat 4 at SoftEffectsCompute.compute(817): implicit truncation of vector type
  api=4 insize=106449 outsize=1715 ok=1
Cmd: compileComputeKernel
  error: 1 plat 4 at SoftEffectsCompute.compute(674): implicit truncation of vector type
  error: 1 plat 4 at SoftEffectsCompute.compute(722): implicit truncation of vector type
  error: 1 plat 4 at SoftEffectsCompute.compute(769): implicit truncation of vector type
  error: 1 plat 4 at SoftEffectsCompute.compute(817): implicit truncation of vector type
  api=4 insize=106449 outsize=1293 ok=1
Cmd: shutdown
